[LOG] system_create                            : Header version = 2.03.06. Current version = 2.03.06.
[LOG] Manager::init                            : maxchannels = 256 studioflags = 00000006 flags 00000000 extradriverdata 0000000000000000.
[LOG] SystemI::init                            : Initialize version=20306 (149358), maxchannels=256, flags=0x00020000
[LOG] SystemI::setOutputInternal               : Setting output to 'FMOD WASAPI Output'
[LOG] OutputWASAPI::init                       : Mix Format (WAVEFORMATEX): wFormatTag=0xFFFE, nChannels=2, nSamplesPerSec=44100, nAvgBytesPerSec=352800, nBlockAlign=8, wBitsPerSample=32, cbSize=22.
[LOG] OutputWASAPI::init                       : Mix Format (WAVEFORMATEXTENSIBLE): wValidBitsPerSample=32, dwChannelMask=0x00000003, SubFormat=00000003-0000-0010-8000-00AA00389B71.
[LOG] OutputWASAPI::init                       : Output buffer size: 1880 samples, latency: 0.00ms, period: 10.00ms, DSP buffer: 512 * 4
[LOG] SystemI::init                            : Output requires a sample rate of 44100Hz, resampling will occur.
[LOG] Thread::initThread                       : Init FMOD stream thread. Affinity: 0x4000000000000003, Priority: 0xFFFF7FFB, Stack Size: 98304, Semaphore: No, Sleep Time: 10, Looping: Yes.
[LOG] SystemI::DSPCodecPoolRegister            : register codec pool for pool type 0
[LOG] Thread::initThread                       : Init FMOD mixer thread. Affinity: 0x4000000000000001, Priority: 0xFFFF7FFA, Stack Size: 81920, Semaphore: No, Sleep Time: 0, Looping: Yes.
[LOG] AsyncManager::init                       : manager 0000025668B1A088 isAsync 0 updatePeriod 0.02
[LOG] AsyncManager::init                       : done
[LOG] PlaybackSystem::init                     : 
[LOG] Thread::initThread                       : Init FMOD Studio sample load thread. Affinity: 0x4000000000000003, Priority: 0xFFFF7FFD, Stack Size: 98304, Semaphore: No, Sleep Time: 1, Looping: No.
[LOG] PlaybackSystem::init                     : done
[LOG] Thread::initThread                       : Init FMOD Studio bank load thread. Affinity: 0x4000000000000003, Priority: 0xFFFF7FFD, Stack Size: 98304, Semaphore: No, Sleep Time: 1, Looping: No.
[LOG] Manager::init                            : done.
[LOG] BankLoader::serializeBank                : fileversion = 146, compatVersion = 146 (oldest = 44, newest = 146)
[LOG] BankLoader::serializeBank                : fileversion = 146, compatVersion = 146 (oldest = 44, newest = 146)
[LOG] PlaybackSystem::acquireMasterBus         : Setting master channel group format to 6
[LOG] BankLoader::serializeBank                : fileversion = 146, compatVersion = 146 (oldest = 44, newest = 146)
[LOG] SystemI::createSoundInternal             : Create name='', mode=0x02000202
[LOG] SystemI::createSoundInternal             : exinfo->cbsize             = 224
[LOG] SystemI::createSoundInternal             : exinfo->length             = 1764256
[LOG] SystemI::createSoundInternal             : exinfo->fileoffset         = 55616
[LOG] SystemI::createSoundInternal             : exinfo->numsubsounds       = 1
[LOG] SystemI::createSoundInternal             : exinfo->inclusionlist      = 0000009A70BCF1F8
[LOG] SystemI::createSoundInternal             : exinfo->inclusionlistnum   = 1
[LOG] SystemI::createSoundInternal             : exinfo->suggestedsoundtype = 5
[LOG] SystemI::createSoundInternal             : exinfo->useropen           = 00007FFB87C7D3E0
[LOG] SystemI::createSoundInternal             : exinfo->userclose          = 00007FFB87C7D3A0
[LOG] SystemI::createSoundInternal             : exinfo->userread           = 00007FFB87C7D4C0
[LOG] SystemI::createSoundInternal             : exinfo->userseek           = 00007FFB87C7D580
[LOG] SystemI::createSoundInternal             : exinfo->fileuserdata       = 000002565D8BF128
[LOG] SystemI::createSoundInternal             : exinfo->initialseekpostype = 1
[LOG] SystemI::DSPCodecPoolRegister            : register codec pool for pool type 4
[LOG] SystemI::createSoundInternal             : Sample 0/1: name='Basketball', format=5, channels=2, frequency=48000, lengthbytes=28512, lengthpcm=107916, pcmblocksize=0, loopstart=0, loopend=0, mode=0x00000000, channelmask=0x00000000, channelorder=0, peakvolume=0.904096.
[LOG] SystemI::createSoundInternal             : Create name='', mode=0x02000202
[LOG] SystemI::createSoundInternal             : exinfo->cbsize             = 224
[LOG] SystemI::createSoundInternal             : exinfo->length             = 1764256
[LOG] SystemI::createSoundInternal             : exinfo->fileoffset         = 55616
[LOG] SystemI::createSoundInternal             : exinfo->numsubsounds       = 1
[LOG] SystemI::createSoundInternal             : exinfo->inclusionlist      = 0000009A70BCF1F8
[LOG] SystemI::createSoundInternal             : exinfo->inclusionlistnum   = 1
[LOG] SystemI::createSoundInternal             : exinfo->suggestedsoundtype = 5
[LOG] SystemI::createSoundInternal             : exinfo->useropen           = 00007FFB87C7D3E0
[LOG] SystemI::createSoundInternal             : exinfo->userclose          = 00007FFB87C7D3A0
[LOG] SystemI::createSoundInternal             : exinfo->userread           = 00007FFB87C7D4C0
[LOG] SystemI::createSoundInternal             : exinfo->userseek           = 00007FFB87C7D580
[LOG] SystemI::createSoundInternal             : exinfo->fileuserdata       = 000002565D8BF128
[LOG] SystemI::createSoundInternal             : exinfo->initialseekpostype = 1
[LOG] SystemI::DSPCodecPoolRegister            : register codec pool for pool type 4
[LOG] SystemI::createSoundInternal             : Sample 0/1: name='Metal Impact', format=5, channels=2, frequency=48000, lengthbytes=18944, lengthpcm=118320, pcmblocksize=0, loopstart=0, loopend=0, mode=0x00000000, channelmask=0x00000000, channelorder=0, peakvolume=0.349401.
[LOG] SystemI::createSoundInternal             : Create name='', mode=0x02000202
[LOG] SystemI::createSoundInternal             : exinfo->cbsize             = 224
[LOG] SystemI::createSoundInternal             : exinfo->length             = 1764256
[LOG] SystemI::createSoundInternal             : exinfo->fileoffset         = 55616
[LOG] SystemI::createSoundInternal             : exinfo->numsubsounds       = 1
[LOG] SystemI::createSoundInternal             : exinfo->inclusionlist      = 0000009A70BCF1F8
[LOG] SystemI::createSoundInternal             : exinfo->inclusionlistnum   = 1
[LOG] SystemI::createSoundInternal             : exinfo->suggestedsoundtype = 5
[LOG] SystemI::createSoundInternal             : exinfo->useropen           = 00007FFB87C7D3E0
[LOG] SystemI::createSoundInternal             : exinfo->userclose          = 00007FFB87C7D3A0
[LOG] SystemI::createSoundInternal             : exinfo->userread           = 00007FFB87C7D4C0
[LOG] SystemI::createSoundInternal             : exinfo->userseek           = 00007FFB87C7D580
[LOG] SystemI::createSoundInternal             : exinfo->fileuserdata       = 000002565D8BF128
[LOG] SystemI::createSoundInternal             : exinfo->initialseekpostype = 1
[LOG] SystemI::DSPCodecPoolRegister            : register codec pool for pool type 4
[LOG] SystemI::createSoundInternal             : Sample 0/1: name='Cartoon Boing', format=5, channels=2, frequency=48000, lengthbytes=23520, lengthpcm=93327, pcmblocksize=0, loopstart=0, loopend=0, mode=0x00000000, channelmask=0x00000000, channelorder=0, peakvolume=0.284047.
[LOG] SystemI::createSoundInternal             : Create name='', mode=0x02000202
[LOG] SystemI::createSoundInternal             : exinfo->cbsize             = 224
[LOG] SystemI::createSoundInternal             : exinfo->length             = 1764256
[LOG] SystemI::createSoundInternal             : exinfo->fileoffset         = 55616
[LOG] SystemI::createSoundInternal             : exinfo->numsubsounds       = 1
[LOG] SystemI::createSoundInternal             : exinfo->inclusionlist      = 0000009A70BCF1F8
[LOG] SystemI::createSoundInternal             : exinfo->inclusionlistnum   = 1
[LOG] SystemI::createSoundInternal             : exinfo->suggestedsoundtype = 5
[LOG] SystemI::createSoundInternal             : exinfo->useropen           = 00007FFB87C7D3E0
[LOG] SystemI::createSoundInternal             : exinfo->userclose          = 00007FFB87C7D3A0
[LOG] SystemI::createSoundInternal             : exinfo->userread           = 00007FFB87C7D4C0
[LOG] SystemI::createSoundInternal             : exinfo->userseek           = 00007FFB87C7D580
[LOG] SystemI::createSoundInternal             : exinfo->fileuserdata       = 000002565D8BF128
[LOG] SystemI::createSoundInternal             : exinfo->initialseekpostype = 1
[LOG] SystemI::DSPCodecPoolRegister            : register codec pool for pool type 4
[LOG] SystemI::createSoundInternal             : Sample 0/1: name='Sci-Fi_Bounce', format=5, channels=2, frequency=48000, lengthbytes=39936, lengthpcm=162547, pcmblocksize=0, loopstart=0, loopend=0, mode=0x00000000, channelmask=0x00000000, channelorder=0, peakvolume=0.246297.
[LOG] SystemI::createSound                     : filename = Assets/FMOD Banks/Desktop_PC/Desktop/Master.bank : mode 02010082
[LOG] SystemI::createSound                     : FMOD_NONBLOCKING specified.  Putting into queue to be opened asynchronously!
[LOG] Thread::initThread                       : Init FMOD nonblocking thread (0). Affinity: 0x4000000000000003, Priority: 0xFFFF7FFC, Stack Size: 114688, Semaphore: Yes, Sleep Time: 0, Looping: Yes.
[LOG] AsyncThread::add                         : add sound to async queue : soundi = 00000254876458D8, queue head = 0000025487645258, queue count = 0
[LOG] AsyncThread::threadFunc                  : Starting Asynchronous operation on sound 00000254876458D8
[LOG] SystemI::createSoundInternal             :     Create name='Assets/FMOD Banks/Desktop_PC/Desktop/Master.bank', mode=0x02010082
[LOG] SystemI::createSoundInternal             :     exinfo->cbsize             = 224
[LOG] SystemI::createSoundInternal             :     exinfo->length             = 1764256
[LOG] SystemI::createSoundInternal             :     exinfo->fileoffset         = 55616
[LOG] SystemI::createSoundInternal             :     exinfo->numsubsounds       = 1
[LOG] SystemI::createSoundInternal             :     exinfo->inclusionlist      = 00000257770C1F48
[LOG] SystemI::createSoundInternal             :     exinfo->inclusionlistnum   = 1
[LOG] SystemI::createSoundInternal             :     exinfo->suggestedsoundtype = 5
[LOG] SystemI::createSoundInternal             :     exinfo->initialseekposition = 100
[LOG] SystemI::createSoundInternal             :     exinfo->initialseekpostype = 1
[LOG] SystemI::createSound                     :     filename = Assets/FMOD Banks/Desktop_PC/Desktop/Master.bank : mode 02010082
[LOG] SystemI::createSound                     :     FMOD_NONBLOCKING specified.  Putting into queue to be opened asynchronously!
[LOG] AsyncThread::add                         :     add sound to async queue : soundi = 00000254876455B8, queue head = 0000025487645258, queue count = 0
[LOG] SystemI::createSoundInternal             :     Stream 0/1: name='Bounce Ball', format=5, channels=1, frequency=48000, lengthbytes=376480, lengthpcm=3222954, pcmblocksize=0, loopstart=0, loopend=0, mode=0x00000000, channelmask=0x00000000, channelorder=0, peakvolume=0.796578.
[LOG] Thread::initThread                       :     Init FMOD file thread. Affinity: 0x4000000000000003, Priority: 0xFFFF7FFC, Stack Size: 65536, Semaphore: No, Sleep Time: 10, Looping: Yes.
[LOG] AsyncThread::threadFunc                  : Finished Asynchronous operation on sound 00000254876458D8
[LOG] AsyncThread::threadFunc                  : Starting Asynchronous operation on sound 00000254876455B8
[LOG] SystemI::createSoundInternal             :     Create name='Assets/FMOD Banks/Desktop_PC/Desktop/Master.bank', mode=0x02010082
[LOG] SystemI::createSoundInternal             :     exinfo->cbsize             = 224
[LOG] SystemI::createSoundInternal             :     exinfo->length             = 1764256
[LOG] SystemI::createSoundInternal             :     exinfo->fileoffset         = 55616
[LOG] SystemI::createSoundInternal             :     exinfo->numsubsounds       = 1
[LOG] SystemI::createSoundInternal             :     exinfo->inclusionlist      = 00000257770C19C8
[LOG] SystemI::createSoundInternal             :     exinfo->inclusionlistnum   = 1
[LOG] SystemI::createSoundInternal             :     exinfo->suggestedsoundtype = 5
[LOG] SystemI::createSoundInternal             :     exinfo->initialseekposition = 6000
[LOG] SystemI::createSoundInternal             :     exinfo->initialseekpostype = 1
[LOG] SystemI::createSoundInternal             :     Stream 0/1: name='Video Game 2', format=5, channels=2, frequency=48000, lengthbytes=112000, lengthpcm=642494, pcmblocksize=0, loopstart=0, loopend=0, mode=0x00000000, channelmask=0x00000000, channelorder=0, peakvolume=0.359581.
[LOG] AsyncThread::threadFunc                  : Finished Asynchronous operation on sound 00000254876455B8
[LOG] SoundI::release                          : Bounce Ball (00000254876458D8)
[LOG] SoundI::release                          :     Bounce Ball (0000025715A20BF8)
[LOG] SoundI::release                          :     Bounce Ball (0000025759B22E08)
[LOG] SoundI::release                          : Video Game 2 (00000254876455B8)
[LOG] SoundI::release                          :     Video Game 2 (0000025715A20D78)
[LOG] SoundI::release                          :     Video Game 2 (0000025759B224A8)
[LOG] SystemI::createSound                     : filename = Assets/FMOD Banks/Desktop_PC/Desktop/Master.bank : mode 02010082
[LOG] SystemI::createSound                     : FMOD_NONBLOCKING specified.  Putting into queue to be opened asynchronously!
[LOG] AsyncThread::add                         : add sound to async queue : soundi = 0000025778E63D28, queue head = 0000025487645258, queue count = 0
[LOG] AsyncThread::threadFunc                  : Starting Asynchronous operation on sound 0000025778E63D28
[LOG] SystemI::createSoundInternal             :     Create name='Assets/FMOD Banks/Desktop_PC/Desktop/Master.bank', mode=0x02010082
[LOG] SystemI::createSoundInternal             :     exinfo->cbsize             = 224
[LOG] SystemI::createSoundInternal             :     exinfo->length             = 1764256
[LOG] SystemI::createSound                     :     filename = Assets/FMOD Banks/Desktop_PC/Desktop/Master.bank : mode 02010082
[LOG] SystemI::createSoundInternal             :     exinfo->fileoffset         = 55616
[LOG] SystemI::createSound                     :     FMOD_NONBLOCKING specified.  Putting into queue to be opened asynchronously!
[LOG] SystemI::createSoundInternal             :     exinfo->numsubsounds       = 1
[LOG] AsyncThread::add                         :     add sound to async queue : soundi = 0000025778E64368, queue head = 0000025487645258, queue count = 0
[LOG] SystemI::createSoundInternal             :     exinfo->inclusionlist      = 0000025716244128
[LOG] SystemI::createSoundInternal             :     exinfo->inclusionlistnum   = 1
[LOG] SystemI::createSoundInternal             :     exinfo->suggestedsoundtype = 5
[LOG] SystemI::createSoundInternal             :     exinfo->initialseekposition = 100
[LOG] SystemI::createSoundInternal             :     exinfo->initialseekpostype = 1
[LOG] SystemI::createSoundInternal             :     Stream 0/1: name='Bounce Ball', format=5, channels=1, frequency=48000, lengthbytes=376480, lengthpcm=3222954, pcmblocksize=0, loopstart=0, loopend=0, mode=0x00000000, channelmask=0x00000000, channelorder=0, peakvolume=0.796578.
[LOG] AsyncThread::threadFunc                  : Finished Asynchronous operation on sound 0000025778E63D28
[LOG] AsyncThread::threadFunc                  : Starting Asynchronous operation on sound 0000025778E64368
[LOG] SystemI::createSoundInternal             :     Create name='Assets/FMOD Banks/Desktop_PC/Desktop/Master.bank', mode=0x02010082
[LOG] SystemI::createSoundInternal             :     exinfo->cbsize             = 224
[LOG] SystemI::createSoundInternal             :     exinfo->length             = 1764256
[LOG] SystemI::createSoundInternal             :     exinfo->fileoffset         = 55616
[LOG] SystemI::createSoundInternal             :     exinfo->numsubsounds       = 1
[LOG] SystemI::createSoundInternal             :     exinfo->inclusionlist      = 0000025716243BA8
[LOG] SystemI::createSoundInternal             :     exinfo->inclusionlistnum   = 1
[LOG] SystemI::createSoundInternal             :     exinfo->suggestedsoundtype = 5
[LOG] SystemI::createSoundInternal             :     exinfo->initialseekposition = 6000
[LOG] SystemI::createSoundInternal             :     exinfo->initialseekpostype = 1
[LOG] SystemI::createSoundInternal             :     Stream 0/1: name='Video Game 2', format=5, channels=2, frequency=48000, lengthbytes=112000, lengthpcm=642494, pcmblocksize=0, loopstart=0, loopend=0, mode=0x00000000, channelmask=0x00000000, channelorder=0, peakvolume=0.359581.
[LOG] AsyncThread::threadFunc                  : Finished Asynchronous operation on sound 0000025778E64368
[LOG] SoundI::release                          : Bounce Ball (0000025778E63D28)
[LOG] SoundI::release                          :     Bounce Ball (0000025715A20778)
[LOG] SoundI::release                          :     Bounce Ball (0000025759B22E08)
[LOG] SoundI::release                          : Video Game 2 (0000025778E64368)
[LOG] SoundI::release                          :     Video Game 2 (0000025715A20BF8)
[LOG] SoundI::release                          :     Video Game 2 (0000025759B22188)
[LOG] SystemI::createSound                     : filename = Assets/FMOD Banks/Desktop_PC/Desktop/Master.bank : mode 02010082
[LOG] SystemI::createSound                     : FMOD_NONBLOCKING specified.  Putting into queue to be opened asynchronously!
[LOG] AsyncThread::add                         : add sound to async queue : soundi = 0000025778E63A08, queue head = 0000025487645258, queue count = 0
[LOG] AsyncThread::threadFunc                  : Starting Asynchronous operation on sound 0000025778E63A08
[LOG] SystemI::createSoundInternal             :     Create name='Assets/FMOD Banks/Desktop_PC/Desktop/Master.bank', mode=0x02010082
[LOG] SystemI::createSoundInternal             :     exinfo->cbsize             = 224
[LOG] SystemI::createSoundInternal             :     exinfo->length             = 1764256
[LOG] SystemI::createSound                     :     filename = Assets/FMOD Banks/Desktop_PC/Desktop/Master.bank : mode 02010082
[LOG] SystemI::createSoundInternal             :     exinfo->fileoffset         = 55616
[LOG] SystemI::createSound                     :     FMOD_NONBLOCKING specified.  Putting into queue to be opened asynchronously!
[LOG] SystemI::createSoundInternal             :     exinfo->numsubsounds       = 1
[LOG] AsyncThread::add                         :     add sound to async queue : soundi = 0000025778E64688, queue head = 0000025487645258, queue count = 0
[LOG] SystemI::createSoundInternal             :     exinfo->inclusionlist      = 0000025716243E68
[LOG] SystemI::createSoundInternal             :     exinfo->inclusionlistnum   = 1
[LOG] SystemI::createSoundInternal             :     exinfo->suggestedsoundtype = 5
[LOG] SystemI::createSoundInternal             :     exinfo->initialseekposition = 100
[LOG] SystemI::createSoundInternal             :     exinfo->initialseekpostype = 1
[LOG] SystemI::createSoundInternal             :     Stream 0/1: name='Bounce Ball', format=5, channels=1, frequency=48000, lengthbytes=376480, lengthpcm=3222954, pcmblocksize=0, loopstart=0, loopend=0, mode=0x00000000, channelmask=0x00000000, channelorder=0, peakvolume=0.796578.
[LOG] AsyncThread::threadFunc                  : Finished Asynchronous operation on sound 0000025778E63A08
[LOG] AsyncThread::threadFunc                  : Starting Asynchronous operation on sound 0000025778E64688
[LOG] SystemI::createSoundInternal             :     Create name='Assets/FMOD Banks/Desktop_PC/Desktop/Master.bank', mode=0x02010082
[LOG] SystemI::createSoundInternal             :     exinfo->cbsize             = 224
[LOG] SystemI::createSoundInternal             :     exinfo->length             = 1764256
[LOG] SystemI::createSoundInternal             :     exinfo->fileoffset         = 55616
[LOG] SystemI::createSoundInternal             :     exinfo->numsubsounds       = 1
[LOG] SystemI::createSoundInternal             :     exinfo->inclusionlist      = 0000025716243FC8
[LOG] SystemI::createSoundInternal             :     exinfo->inclusionlistnum   = 1
[LOG] SystemI::createSoundInternal             :     exinfo->suggestedsoundtype = 5
[LOG] SystemI::createSoundInternal             :     exinfo->initialseekposition = 6000
[LOG] SystemI::createSoundInternal             :     exinfo->initialseekpostype = 1
[LOG] SystemI::createSoundInternal             :     Stream 0/1: name='Video Game 2', format=5, channels=2, frequency=48000, lengthbytes=112000, lengthpcm=642494, pcmblocksize=0, loopstart=0, loopend=0, mode=0x00000000, channelmask=0x00000000, channelorder=0, peakvolume=0.359581.
[LOG] AsyncThread::threadFunc                  : Finished Asynchronous operation on sound 0000025778E64688
[LOG] SystemI::createSound                     : filename = Assets/FMOD Banks/Desktop_PC/Desktop/Master.bank : mode 02010082
[LOG] SystemI::createSound                     : FMOD_NONBLOCKING specified.  Putting into queue to be opened asynchronously!
[LOG] AsyncThread::add                         : add sound to async queue : soundi = 000002579BF3C968, queue head = 0000025487645258, queue count = 0
[LOG] AsyncThread::threadFunc                  : Starting Asynchronous operation on sound 000002579BF3C968
[LOG] SystemI::createSoundInternal             :     Create name='Assets/FMOD Banks/Desktop_PC/Desktop/Master.bank', mode=0x02010082
[LOG] SystemI::createSoundInternal             :     exinfo->cbsize             = 224
[LOG] SystemI::createSoundInternal             :     exinfo->length             = 1764256
[LOG] SystemI::createSoundInternal             :     exinfo->fileoffset         = 55616
[LOG] SystemI::createSound                     :     filename = Assets/FMOD Banks/Desktop_PC/Desktop/Master.bank : mode 02010082
[LOG] SystemI::createSoundInternal             :     exinfo->numsubsounds       = 1
[LOG] SystemI::createSound                     :     FMOD_NONBLOCKING specified.  Putting into queue to be opened asynchronously!
[LOG] SystemI::createSoundInternal             :     exinfo->inclusionlist      = 00000257622DFDB8
[LOG] AsyncThread::add                         :     add sound to async queue : soundi = 000002579BF3C4B8, queue head = 0000025487645258, queue count = 0
[LOG] SystemI::createSoundInternal             :     exinfo->inclusionlistnum   = 1
[LOG] SystemI::createSoundInternal             :     exinfo->suggestedsoundtype = 5
[LOG] SystemI::createSoundInternal             :     exinfo->initialseekposition = 100
[LOG] SystemI::createSoundInternal             :     exinfo->initialseekpostype = 1
[LOG] SystemI::createSoundInternal             :     Stream 0/1: name='Bounce Ball', format=5, channels=1, frequency=48000, lengthbytes=376480, lengthpcm=3222954, pcmblocksize=0, loopstart=0, loopend=0, mode=0x00000000, channelmask=0x00000000, channelorder=0, peakvolume=0.796578.
[LOG] AsyncThread::threadFunc                  : Finished Asynchronous operation on sound 000002579BF3C968
[LOG] AsyncThread::threadFunc                  : Starting Asynchronous operation on sound 000002579BF3C4B8
[LOG] SystemI::createSoundInternal             :     Create name='Assets/FMOD Banks/Desktop_PC/Desktop/Master.bank', mode=0x02010082
[LOG] SystemI::createSoundInternal             :     exinfo->cbsize             = 224
[LOG] SystemI::createSoundInternal             :     exinfo->length             = 1764256
[LOG] SystemI::createSoundInternal             :     exinfo->fileoffset         = 55616
[LOG] SystemI::createSoundInternal             :     exinfo->numsubsounds       = 1
[LOG] SystemI::createSoundInternal             :     exinfo->inclusionlist      = 00000257622DFF18
[LOG] SystemI::createSoundInternal             :     exinfo->inclusionlistnum   = 1
[LOG] SystemI::createSoundInternal             :     exinfo->suggestedsoundtype = 5
[LOG] SystemI::createSoundInternal             :     exinfo->initialseekposition = 6000
[LOG] SystemI::createSoundInternal             :     exinfo->initialseekpostype = 1
[LOG] SystemI::createSoundInternal             :     Stream 0/1: name='Video Game 2', format=5, channels=2, frequency=48000, lengthbytes=112000, lengthpcm=642494, pcmblocksize=0, loopstart=0, loopend=0, mode=0x00000000, channelmask=0x00000000, channelorder=0, peakvolume=0.359581.
[LOG] AsyncThread::threadFunc                  : Finished Asynchronous operation on sound 000002579BF3C4B8
[LOG] SoundI::release                          : Video Game 2 (0000025778E64688)
[LOG] SoundI::release                          :     Video Game 2 (0000025715A20BF8)
[LOG] SoundI::release                          :     Video Game 2 (0000025759B22E08)
[LOG] SoundI::release                          : Bounce Ball (0000025778E63A08)
[LOG] SoundI::release                          :     Bounce Ball (0000025715A20778)
[LOG] SoundI::release                          :     Bounce Ball (0000025759B21B48)
[LOG] SystemI::createSound                     : filename = Assets/FMOD Banks/Desktop_PC/Desktop/Master.bank : mode 02010082
[LOG] SystemI::createSound                     : FMOD_NONBLOCKING specified.  Putting into queue to be opened asynchronously!
[LOG] AsyncThread::add                         : add sound to async queue : soundi = 000002579BF3C328, queue head = 0000025487645258, queue count = 0
[LOG] AsyncThread::threadFunc                  : Starting Asynchronous operation on sound 000002579BF3C328
[LOG] SystemI::createSoundInternal             :     Create name='Assets/FMOD Banks/Desktop_PC/Desktop/Master.bank', mode=0x02010082
[LOG] SystemI::createSoundInternal             :     exinfo->cbsize             = 224
[LOG] SystemI::createSound                     :     filename = Assets/FMOD Banks/Desktop_PC/Desktop/Master.bank : mode 02010082
[LOG] SystemI::createSoundInternal             :     exinfo->length             = 1764256
[LOG] SystemI::createSound                     :     FMOD_NONBLOCKING specified.  Putting into queue to be opened asynchronously!
[LOG] SystemI::createSoundInternal             :     exinfo->fileoffset         = 55616
[LOG] AsyncThread::add                         :     add sound to async queue : soundi = 000002579BF3BE78, queue head = 0000025487645258, queue count = 0
[LOG] SystemI::createSoundInternal             :     exinfo->numsubsounds       = 1
[LOG] SystemI::createSoundInternal             :     exinfo->inclusionlist      = 00000257622E01D8
[LOG] SystemI::createSoundInternal             :     exinfo->inclusionlistnum   = 1
[LOG] SystemI::createSoundInternal             :     exinfo->suggestedsoundtype = 5
[LOG] SystemI::createSoundInternal             :     exinfo->initialseekposition = 100
[LOG] SystemI::createSoundInternal             :     exinfo->initialseekpostype = 1
[LOG] SystemI::createSoundInternal             :     Stream 0/1: name='Bounce Ball', format=5, channels=1, frequency=48000, lengthbytes=376480, lengthpcm=3222954, pcmblocksize=0, loopstart=0, loopend=0, mode=0x00000000, channelmask=0x00000000, channelorder=0, peakvolume=0.796578.
[LOG] AsyncThread::threadFunc                  : Finished Asynchronous operation on sound 000002579BF3C328
[LOG] AsyncThread::threadFunc                  : Starting Asynchronous operation on sound 000002579BF3BE78
[LOG] SystemI::createSoundInternal             :     Create name='Assets/FMOD Banks/Desktop_PC/Desktop/Master.bank', mode=0x02010082
[LOG] SystemI::createSoundInternal             :     exinfo->cbsize             = 224
[LOG] SystemI::createSoundInternal             :     exinfo->length             = 1764256
[LOG] SystemI::createSoundInternal             :     exinfo->fileoffset         = 55616
[LOG] SystemI::createSoundInternal             :     exinfo->numsubsounds       = 1
[LOG] SystemI::createSoundInternal             :     exinfo->inclusionlist      = 00000257622E0078
[LOG] SystemI::createSoundInternal             :     exinfo->inclusionlistnum   = 1
[LOG] SystemI::createSoundInternal             :     exinfo->suggestedsoundtype = 5
[LOG] SystemI::createSoundInternal             :     exinfo->initialseekposition = 6000
[LOG] SystemI::createSoundInternal             :     exinfo->initialseekpostype = 1
[LOG] SystemI::createSoundInternal             :     Stream 0/1: name='Video Game 2', format=5, channels=2, frequency=48000, lengthbytes=112000, lengthpcm=642494, pcmblocksize=0, loopstart=0, loopend=0, mode=0x00000000, channelmask=0x00000000, channelorder=0, peakvolume=0.359581.
[LOG] AsyncThread::threadFunc                  : Finished Asynchronous operation on sound 000002579BF3BE78
[LOG] SoundI::release                          : Video Game 2 (000002579BF3C4B8)
[LOG] SoundI::release                          :     Video Game 2 (00000256C5C4BE58)
[LOG] SoundI::release                          :     Video Game 2 (00000257599BCA58)
[LOG] SoundI::release                          : Bounce Ball (000002579BF3C968)
[LOG] SoundI::release                          :     Bounce Ball (00000256C5C4BB58)
[LOG] SoundI::release                          :     Bounce Ball (00000257599BCBE8)
[LOG] SystemI::createSound                     : filename = Assets/FMOD Banks/Desktop_PC/Desktop/Master.bank : mode 02010082
[LOG] SystemI::createSound                     : FMOD_NONBLOCKING specified.  Putting into queue to be opened asynchronously!
[LOG] AsyncThread::add                         : add sound to async queue : soundi = 000002579BF3C4B8, queue head = 0000025487645258, queue count = 0
[LOG] AsyncThread::threadFunc                  : Starting Asynchronous operation on sound 000002579BF3C4B8
[LOG] SystemI::createSoundInternal             :     Create name='Assets/FMOD Banks/Desktop_PC/Desktop/Master.bank', mode=0x02010082
[LOG] SystemI::createSoundInternal             :     exinfo->cbsize             = 224
[LOG] SystemI::createSoundInternal             :     exinfo->length             = 1764256
[LOG] SystemI::createSoundInternal             :     exinfo->fileoffset         = 55616
[LOG] SystemI::createSoundInternal             :     exinfo->numsubsounds       = 1
[LOG] SystemI::createSoundInternal             :     exinfo->inclusionlist      = 00000257622E0B78
[LOG] SystemI::createSoundInternal             :     exinfo->inclusionlistnum   = 1
[LOG] SystemI::createSound                     :     filename = Assets/FMOD Banks/Desktop_PC/Desktop/Master.bank : mode 02010082
[LOG] SystemI::createSoundInternal             :     exinfo->suggestedsoundtype = 5
[LOG] SystemI::createSound                     :     FMOD_NONBLOCKING specified.  Putting into queue to be opened asynchronously!
[LOG] SystemI::createSoundInternal             :     exinfo->initialseekposition = 100
[LOG] AsyncThread::add                         :     add sound to async queue : soundi = 000002579BF3C648, queue head = 0000025487645258, queue count = 0
[LOG] SystemI::createSoundInternal             :     exinfo->initialseekpostype = 1
[LOG] SystemI::createSoundInternal             :     Stream 0/1: name='Bounce Ball', format=5, channels=1, frequency=48000, lengthbytes=376480, lengthpcm=3222954, pcmblocksize=0, loopstart=0, loopend=0, mode=0x00000000, channelmask=0x00000000, channelorder=0, peakvolume=0.796578.
[LOG] AsyncThread::threadFunc                  : Finished Asynchronous operation on sound 000002579BF3C4B8
[LOG] AsyncThread::threadFunc                  : Starting Asynchronous operation on sound 000002579BF3C648
[LOG] SystemI::createSoundInternal             :     Create name='Assets/FMOD Banks/Desktop_PC/Desktop/Master.bank', mode=0x02010082
[LOG] SystemI::createSoundInternal             :     exinfo->cbsize             = 224
[LOG] SystemI::createSoundInternal             :     exinfo->length             = 1764256
[LOG] SystemI::createSoundInternal             :     exinfo->fileoffset         = 55616
[LOG] SystemI::createSoundInternal             :     exinfo->numsubsounds       = 1
[LOG] SystemI::createSoundInternal             :     exinfo->inclusionlist      = 00000257622DFDB8
[LOG] SystemI::createSoundInternal             :     exinfo->inclusionlistnum   = 1
[LOG] SystemI::createSoundInternal             :     exinfo->suggestedsoundtype = 5
[LOG] SystemI::createSoundInternal             :     exinfo->initialseekposition = 6000
[LOG] SystemI::createSoundInternal             :     exinfo->initialseekpostype = 1
[LOG] SystemI::createSoundInternal             :     Stream 0/1: name='Video Game 2', format=5, channels=2, frequency=48000, lengthbytes=112000, lengthpcm=642494, pcmblocksize=0, loopstart=0, loopend=0, mode=0x00000000, channelmask=0x00000000, channelorder=0, peakvolume=0.359581.
[LOG] AsyncThread::threadFunc                  : Finished Asynchronous operation on sound 000002579BF3C648
[LOG] SoundI::release                          : Video Game 2 (000002579BF3BE78)
[LOG] SoundI::release                          :     Video Game 2 (00000256C5C4C5D8)
[LOG] SoundI::release                          :     Video Game 2 (00000257599BC5A8)
[LOG] SoundI::release                          : Bounce Ball (000002579BF3C328)
[LOG] SoundI::release                          :     Bounce Ball (00000256C5C4B858)
[LOG] SoundI::release                          :     Bounce Ball (00000257599BC288)
[LOG] SystemI::createSound                     : filename = Assets/FMOD Banks/Desktop_PC/Desktop/Master.bank : mode 02010082
[LOG] SystemI::createSound                     : FMOD_NONBLOCKING specified.  Putting into queue to be opened asynchronously!
[LOG] AsyncThread::add                         : add sound to async queue : soundi = 000002576268E3C8, queue head = 0000025487645258, queue count = 0
[LOG] AsyncThread::threadFunc                  : Starting Asynchronous operation on sound 000002576268E3C8
[LOG] SystemI::createSoundInternal             :     Create name='Assets/FMOD Banks/Desktop_PC/Desktop/Master.bank', mode=0x02010082
[LOG] SystemI::createSoundInternal             :     exinfo->cbsize             = 224
[LOG] SystemI::createSoundInternal             :     exinfo->length             = 1764256
[LOG] SystemI::createSoundInternal             :     exinfo->fileoffset         = 55616
[LOG] SystemI::createSoundInternal             :     exinfo->numsubsounds       = 1
[LOG] SystemI::createSoundInternal             :     exinfo->inclusionlist      = 000002575BD9D2B8
[LOG] SystemI::createSound                     :     filename = Assets/FMOD Banks/Desktop_PC/Desktop/Master.bank : mode 02010082
[LOG] SystemI::createSoundInternal             :     exinfo->inclusionlistnum   = 1
[LOG] SystemI::createSound                     :     FMOD_NONBLOCKING specified.  Putting into queue to be opened asynchronously!
[LOG] SystemI::createSoundInternal             :     exinfo->suggestedsoundtype = 5
[LOG] AsyncThread::add                         :     add sound to async queue : soundi = 000002576268E0A8, queue head = 0000025487645258, queue count = 0
[LOG] SystemI::createSoundInternal             :     exinfo->initialseekposition = 100
[LOG] SystemI::createSoundInternal             :     exinfo->initialseekpostype = 1
[LOG] SystemI::createSoundInternal             :     Stream 0/1: name='Bounce Ball', format=5, channels=1, frequency=48000, lengthbytes=376480, lengthpcm=3222954, pcmblocksize=0, loopstart=0, loopend=0, mode=0x00000000, channelmask=0x00000000, channelorder=0, peakvolume=0.796578.
[LOG] AsyncThread::threadFunc                  : Finished Asynchronous operation on sound 000002576268E3C8
[LOG] AsyncThread::threadFunc                  : Starting Asynchronous operation on sound 000002576268E0A8
[LOG] SystemI::createSoundInternal             :     Create name='Assets/FMOD Banks/Desktop_PC/Desktop/Master.bank', mode=0x02010082
[LOG] SystemI::createSoundInternal             :     exinfo->cbsize             = 224
[LOG] SystemI::createSoundInternal             :     exinfo->length             = 1764256
[LOG] SystemI::createSoundInternal             :     exinfo->fileoffset         = 55616
[LOG] SystemI::createSoundInternal             :     exinfo->numsubsounds       = 1
[LOG] SystemI::createSoundInternal             :     exinfo->inclusionlist      = 000002575BD9D418
[LOG] SystemI::createSoundInternal             :     exinfo->inclusionlistnum   = 1
[LOG] SystemI::createSoundInternal             :     exinfo->suggestedsoundtype = 5
[LOG] SystemI::createSoundInternal             :     exinfo->initialseekposition = 6000
[LOG] SystemI::createSoundInternal             :     exinfo->initialseekpostype = 1
[LOG] SystemI::createSoundInternal             :     Stream 0/1: name='Video Game 2', format=5, channels=2, frequency=48000, lengthbytes=112000, lengthpcm=642494, pcmblocksize=0, loopstart=0, loopend=0, mode=0x00000000, channelmask=0x00000000, channelorder=0, peakvolume=0.359581.
[LOG] AsyncThread::threadFunc                  : Finished Asynchronous operation on sound 000002576268E0A8
[LOG] SoundI::release                          : Video Game 2 (000002579BF3C648)
[LOG] SoundI::release                          :     Video Game 2 (00000256C5C4C158)
[LOG] SoundI::release                          :     Video Game 2 (00000257599BCA58)
[LOG] SoundI::release                          : Bounce Ball (000002579BF3C4B8)
[LOG] SoundI::release                          :     Bounce Ball (00000256C5C4C2D8)
[LOG] SoundI::release                          :     Bounce Ball (00000257599BCBE8)
[LOG] SystemI::createSound                     : filename = Assets/FMOD Banks/Desktop_PC/Desktop/Master.bank : mode 02010082
[LOG] SystemI::createSound                     : FMOD_NONBLOCKING specified.  Putting into queue to be opened asynchronously!
[LOG] AsyncThread::add                         : add sound to async queue : soundi = 000002579BF3C7D8, queue head = 0000025487645258, queue count = 0
[LOG] AsyncThread::threadFunc                  : Starting Asynchronous operation on sound 000002579BF3C7D8
[LOG] SystemI::createSoundInternal             :     Create name='Assets/FMOD Banks/Desktop_PC/Desktop/Master.bank', mode=0x02010082
[LOG] SystemI::createSoundInternal             :     exinfo->cbsize             = 224
[LOG] SystemI::createSoundInternal             :     exinfo->length             = 1764256
[LOG] SystemI::createSound                     :     filename = Assets/FMOD Banks/Desktop_PC/Desktop/Master.bank : mode 02010082
[LOG] SystemI::createSoundInternal             :     exinfo->fileoffset         = 55616
[LOG] SystemI::createSound                     :     FMOD_NONBLOCKING specified.  Putting into queue to be opened asynchronously!
[LOG] SystemI::createSoundInternal             :     exinfo->numsubsounds       = 1
[LOG] AsyncThread::add                         :     add sound to async queue : soundi = 000002579BF3C648, queue head = 0000025487645258, queue count = 0
[LOG] SystemI::createSoundInternal             :     exinfo->inclusionlist      = 00000257622E08B8
[LOG] SystemI::createSoundInternal             :     exinfo->inclusionlistnum   = 1
[LOG] SystemI::createSoundInternal             :     exinfo->suggestedsoundtype = 5
[LOG] SystemI::createSoundInternal             :     exinfo->initialseekposition = 100
[LOG] SystemI::createSoundInternal             :     exinfo->initialseekpostype = 1
[LOG] SystemI::createSoundInternal             :     Stream 0/1: name='Bounce Ball', format=5, channels=1, frequency=48000, lengthbytes=376480, lengthpcm=3222954, pcmblocksize=0, loopstart=0, loopend=0, mode=0x00000000, channelmask=0x00000000, channelorder=0, peakvolume=0.796578.
[LOG] AsyncThread::threadFunc                  : Finished Asynchronous operation on sound 000002579BF3C7D8
[LOG] AsyncThread::threadFunc                  : Starting Asynchronous operation on sound 000002579BF3C648
[LOG] SystemI::createSoundInternal             :     Create name='Assets/FMOD Banks/Desktop_PC/Desktop/Master.bank', mode=0x02010082
[LOG] SystemI::createSoundInternal             :     exinfo->cbsize             = 224
[LOG] SystemI::createSoundInternal             :     exinfo->length             = 1764256
[LOG] SystemI::createSoundInternal             :     exinfo->fileoffset         = 55616
[LOG] SystemI::createSoundInternal             :     exinfo->numsubsounds       = 1
[LOG] SystemI::createSoundInternal             :     exinfo->inclusionlist      = 00000257622E0498
[LOG] SystemI::createSoundInternal             :     exinfo->inclusionlistnum   = 1
[LOG] SystemI::createSoundInternal             :     exinfo->suggestedsoundtype = 5
[LOG] SystemI::createSoundInternal             :     exinfo->initialseekposition = 6000
[LOG] SystemI::createSoundInternal             :     exinfo->initialseekpostype = 1
[LOG] SystemI::createSoundInternal             :     Stream 0/1: name='Video Game 2', format=5, channels=2, frequency=48000, lengthbytes=112000, lengthpcm=642494, pcmblocksize=0, loopstart=0, loopend=0, mode=0x00000000, channelmask=0x00000000, channelorder=0, peakvolume=0.359581.
[LOG] AsyncThread::threadFunc                  : Finished Asynchronous operation on sound 000002579BF3C648
[LOG] SoundI::release                          : Video Game 2 (000002576268E0A8)
[LOG] SoundI::release                          :     Video Game 2 (00000256C5C4BFD8)
[LOG] SoundI::release                          :     Video Game 2 (00000257599BC5A8)
[LOG] SoundI::release                          : Bounce Ball (000002576268E3C8)
[LOG] SoundI::release                          :     Bounce Ball (00000256C5C4BE58)
[LOG] SoundI::release                          :     Bounce Ball (00000257599BC288)
[LOG] SoundI::release                          : Bounce Ball (000002579BF3C7D8)
[LOG] SoundI::release                          :     Bounce Ball (00000256C5C4C5D8)
[LOG] SoundI::release                          :     Bounce Ball (00000257599BCA58)
[LOG] SoundI::release                          : Video Game 2 (000002579BF3C648)
[LOG] SoundI::release                          :     Video Game 2 (00000256C5C4BB58)
[LOG] SoundI::release                          :     Video Game 2 (00000257599BCBE8)
[LOG] SoundI::release                          :  (000002565B2FF078)
[LOG] SoundI::release                          :     Basketball (000002566742B7A8)
[LOG] SoundI::release                          :  (000002565B2FFA18)
[LOG] SoundI::release                          :     Cartoon Boing (000002566742BAA8)
[LOG] SoundI::release                          :  (000002573CCEF3B8)
[LOG] SoundI::release                          :     Sci-Fi_Bounce (000002566742BC28)
[LOG] SoundI::release                          :  (000002565B2FF8B8)
[LOG] SoundI::release                          :     Metal Impact (000002566742B928)
[LOG] BankLoader::serializeBank                : fileversion = 146, compatVersion = 146 (oldest = 44, newest = 146)
[LOG] BankLoader::serializeBank                : fileversion = 146, compatVersion = 146 (oldest = 44, newest = 146)
[LOG] BankLoader::serializeBank                : fileversion = 146, compatVersion = 146 (oldest = 44, newest = 146)
[LOG] PlaybackSystem::acquireMasterBus         : Setting master channel group format to 6
[LOG] Thread::callback                         : FMOD Studio bank load thread finished.
[LOG] Thread::callback                         : FMOD Studio sample load thread finished.
[LOG] LiveUpdate::release                      : 
[LOG] LiveUpdate::reset                        : Reset connection (reason Disconnected)
[LOG] Thread::callback                         : FMOD stream thread finished.
[LOG] Thread::callback                         : FMOD mixer thread finished.
[LOG] SystemI::closeInternal                   : Closed.
[LOG] Thread::callback                         : FMOD nonblocking thread (0) finished.
[LOG] Thread::callback                         : FMOD file thread finished.
